[2019-08-06 20:20:54] APP.ERROR: HTTP/1.0 404 Not Found {"patch":"/"} []
[2019-08-07 21:26:53] APP.ERROR: HTTP/1.0 404 Not Found {"patch":"/"} []
[2019-08-07 22:09:09] APP.ERROR: HTTP/1.0 404 Not Found {"patch":"/"} []
[2019-08-07 22:09:17] APP.ERROR: Wrong number of segments [] []
[2019-08-07 22:09:17] APP.ERROR: access denied for {"token":null} []
[2019-08-07 22:09:27] APP.ERROR: auth() require data empty [] []
[2019-08-07 22:10:24] APP.ERROR: auth() require data empty [] []
[2019-08-07 22:10:26] APP.ERROR: auth() require data empty [] []
[2019-08-07 22:11:14] APP.ERROR: auth() require data empty [] []
[2019-08-07 22:11:59] APP.ERROR: auth() require data empty [] []
[2019-08-07 22:12:00] APP.ERROR: auth() require data empty [] []
[2019-08-07 22:12:33] APP.ERROR: Wrong number of segments [] []
[2019-08-07 22:12:33] APP.ERROR: access denied for {"token":null} []
[2019-08-07 22:59:46] APP.ERROR: Wrong number of segments [] []
[2019-08-07 22:59:46] APP.ERROR: access denied for {"token":null} []
[2019-08-07 23:00:24] APP.ERROR: HTTP/1.0 404 Not Found {"patch":"/api/items"} []
[2019-08-07 23:00:30] APP.ERROR: HTTP/1.0 404 Not Found {"patch":"/api/items"} []
[2019-08-07 23:00:30] APP.ERROR: HTTP/1.0 404 Not Found {"patch":"/api/items"} []
[2019-08-07 23:00:33] APP.ERROR: HTTP/1.0 404 Not Found {"patch":"/api/items"} []
[2019-08-07 23:00:42] APP.ERROR: HTTP/1.0 404 Not Found {"patch":"/api/auth"} []
[2019-08-07 23:00:45] APP.ERROR: HTTP/1.0 404 Not Found {"patch":"/api/auth"} []
[2019-08-07 23:00:59] APP.ERROR: HTTP/1.0 404 Not Found {"patch":"/api/auth"} []
[2019-08-10 12:14:27] APP.ERROR: HTTP/1.0 404 Not Found {"patch":"/"} []
[2019-08-10 12:14:27] APP.ERROR: HTTP/1.0 404 Not Found {"patch":"/favicon.ico"} []
[2019-08-10 12:29:39] APP.ERROR: HTTP/1.0 404 Not Found {"patch":"/api/auth"} []
[2019-08-10 12:29:56] APP.ERROR: HTTP/1.0 404 Not Found {"patch":"/api/auth"} []
[2019-08-10 12:30:35] APP.ERROR: HTTP/1.0 404 Not Found {"patch":"/api/auth"} []
[2019-08-10 12:31:08] APP.ERROR: HTTP/1.0 404 Not Found {"patch":"/api/auth"} []
[2019-08-10 12:31:34] APP.ERROR: HTTP/1.0 404 Not Found {"patch":"/api/auth"} []
[2019-08-10 12:31:35] APP.ERROR: HTTP/1.0 404 Not Found {"patch":"/api/auth"} []
[2019-08-10 12:31:36] APP.ERROR: HTTP/1.0 404 Not Found {"patch":"/api/auth"} []
[2019-08-10 12:31:36] APP.ERROR: HTTP/1.0 404 Not Found {"patch":"/api/auth"} []
[2019-08-10 12:31:37] APP.ERROR: HTTP/1.0 404 Not Found {"patch":"/api/auth"} []
[2019-08-10 12:31:45] APP.ERROR: HTTP/1.0 404 Not Found {"patch":"/api/auth"} []
[2019-08-10 12:32:00] APP.ERROR: HTTP/1.0 404 Not Found {"patch":"/api/auth"} []
[2019-08-10 12:32:01] APP.ERROR: HTTP/1.0 404 Not Found {"patch":"/api/auth"} []
[2019-08-10 12:32:02] APP.ERROR: HTTP/1.0 404 Not Found {"patch":"/api/auth"} []
[2019-08-10 12:32:03] APP.ERROR: HTTP/1.0 404 Not Found {"patch":"/api/auth"} []
[2019-08-10 12:32:04] APP.ERROR: HTTP/1.0 404 Not Found {"patch":"/api/auth"} []
[2019-08-10 12:40:38] APP.ERROR: HTTP/1.0 404 Not Found {"patch":"/api/currencies"} []
[2019-08-10 12:40:40] APP.ERROR: HTTP/1.0 404 Not Found {"patch":"/api/currencies"} []
[2019-08-10 12:40:41] APP.ERROR: HTTP/1.0 404 Not Found {"patch":"/api/currencies"} []
[2019-08-10 12:48:34] APP.ERROR: Wrong number of segments [] []
[2019-08-10 12:48:34] APP.ERROR: access denied for {"token":null} []
[2019-08-10 12:50:28] APP.ERROR: Wrong number of segments [] []
[2019-08-10 12:50:28] APP.ERROR: access denied for {"token":null} []
[2019-08-10 13:33:18] APP.ERROR: Expired token [] []
[2019-08-10 13:33:18] APP.ERROR: access denied for {"token":"eyJ0eXAiOiJKV1QiLCJhbGciOiJIUzI1NiJ9.eyJpc3MiOiJodHRwOlwvXC9leGFtcGxlLWFwaS5vcmciLCJuYW1lIjoidGVzdCIsImV4cCI6MTU2NTQxODczN30.mJQBpx5BAgBSIB8hTzn9zj-ePhwJvAzz3gFC3lV3BTs"} []
[2019-08-10 13:33:24] APP.ERROR: Expired token [] []
[2019-08-10 13:33:24] APP.ERROR: access denied for {"token":"eyJ0eXAiOiJKV1QiLCJhbGciOiJIUzI1NiJ9.eyJpc3MiOiJodHRwOlwvXC9leGFtcGxlLWFwaS5vcmciLCJuYW1lIjoidGVzdCIsImV4cCI6MTU2NTQxODczN30.mJQBpx5BAgBSIB8hTzn9zj-ePhwJvAzz3gFC3lV3BTs"} []
[2019-08-10 13:33:25] APP.ERROR: Expired token [] []
[2019-08-10 13:33:25] APP.ERROR: access denied for {"token":"eyJ0eXAiOiJKV1QiLCJhbGciOiJIUzI1NiJ9.eyJpc3MiOiJodHRwOlwvXC9leGFtcGxlLWFwaS5vcmciLCJuYW1lIjoidGVzdCIsImV4cCI6MTU2NTQxODczN30.mJQBpx5BAgBSIB8hTzn9zj-ePhwJvAzz3gFC3lV3BTs"} []
[2019-08-10 13:33:25] APP.ERROR: Expired token [] []
[2019-08-10 13:33:25] APP.ERROR: access denied for {"token":"eyJ0eXAiOiJKV1QiLCJhbGciOiJIUzI1NiJ9.eyJpc3MiOiJodHRwOlwvXC9leGFtcGxlLWFwaS5vcmciLCJuYW1lIjoidGVzdCIsImV4cCI6MTU2NTQxODczN30.mJQBpx5BAgBSIB8hTzn9zj-ePhwJvAzz3gFC3lV3BTs"} []
[2019-08-10 13:33:26] APP.ERROR: Expired token [] []
[2019-08-10 13:33:26] APP.ERROR: access denied for {"token":"eyJ0eXAiOiJKV1QiLCJhbGciOiJIUzI1NiJ9.eyJpc3MiOiJodHRwOlwvXC9leGFtcGxlLWFwaS5vcmciLCJuYW1lIjoidGVzdCIsImV4cCI6MTU2NTQxODczN30.mJQBpx5BAgBSIB8hTzn9zj-ePhwJvAzz3gFC3lV3BTs"} []
[2019-08-10 13:33:27] APP.ERROR: Expired token [] []
[2019-08-10 13:33:27] APP.ERROR: access denied for {"token":"eyJ0eXAiOiJKV1QiLCJhbGciOiJIUzI1NiJ9.eyJpc3MiOiJodHRwOlwvXC9leGFtcGxlLWFwaS5vcmciLCJuYW1lIjoidGVzdCIsImV4cCI6MTU2NTQxODczN30.mJQBpx5BAgBSIB8hTzn9zj-ePhwJvAzz3gFC3lV3BTs"} []
[2019-08-10 13:34:18] APP.ERROR: Expired token [] []
[2019-08-10 13:34:18] APP.ERROR: access denied for {"token":"eyJ0eXAiOiJKV1QiLCJhbGciOiJIUzI1NiJ9.eyJpc3MiOiJodHRwOlwvXC9leGFtcGxlLWFwaS5vcmciLCJuYW1lIjoidGVzdCIsImV4cCI6MTU2NTQxODczN30.mJQBpx5BAgBSIB8hTzn9zj-ePhwJvAzz3gFC3lV3BTs"} []
[2019-08-10 13:35:14] APP.ERROR: Expired token [] []
[2019-08-10 13:35:14] APP.ERROR: access denied for {"token":"eyJ0eXAiOiJKV1QiLCJhbGciOiJIUzI1NiJ9.eyJpc3MiOiJodHRwOlwvXC9leGFtcGxlLWFwaS5vcmciLCJuYW1lIjoidGVzdCIsImV4cCI6MTU2NTQxODczN30.mJQBpx5BAgBSIB8hTzn9zj-ePhwJvAzz3gFC3lV3BTs"} []
[2019-08-10 13:35:34] APP.ERROR: HTTP/1.0 404 Not Found {"patch":"/api/currency/?d_from=2019.08.09&d_to=2019.09.10"} []
[2019-08-10 13:44:05] APP.ERROR: Expired token [] []
[2019-08-10 13:44:05] APP.ERROR: access denied for {"token":"eyJ0eXAiOiJKV1QiLCJhbGciOiJIUzI1NiJ9.eyJpc3MiOiJodHRwOlwvXC9leGFtcGxlLWFwaS5vcmciLCJuYW1lIjoidGVzdCIsImV4cCI6MTU2NTQxODczN30.mJQBpx5BAgBSIB8hTzn9zj-ePhwJvAzz3gFC3lV3BTs"} []
[2019-08-11 00:32:09] APP.ERROR: Expired token [] []
[2019-08-11 00:32:09] APP.ERROR: access denied for {"token":"eyJ0eXAiOiJKV1QiLCJhbGciOiJIUzI1NiJ9.eyJpc3MiOiJodHRwOlwvXC9leGFtcGxlLWFwaS5vcmciLCJuYW1lIjoidGVzdCIsImV4cCI6MTU2NTQyMjQ3Mn0.5vDV8rCoO-fwEX6PfrqsiEAN28gAc79YZZWWf1VcgLQ"} []
[2019-08-11 00:35:03] APP.ERROR: Expired token [] []
[2019-08-11 00:35:03] APP.ERROR: access denied for {"token":"eyJ0eXAiOiJKV1QiLCJhbGciOiJIUzI1NiJ9.eyJpc3MiOiJodHRwOlwvXC9leGFtcGxlLWFwaS5vcmciLCJuYW1lIjoidGVzdCIsImV4cCI6MTU2NTQyMjQ3Mn0.5vDV8rCoO-fwEX6PfrqsiEAN28gAc79YZZWWf1VcgLQ"} []
[2019-08-11 11:31:35] APP.ERROR: Expired token [] []
[2019-08-11 11:31:35] APP.ERROR: access denied for {"token":"eyJ0eXAiOiJKV1QiLCJhbGciOiJIUzI1NiJ9.eyJpc3MiOiJodHRwOlwvXC9leGFtcGxlLWFwaS5vcmciLCJuYW1lIjoidGVzdCIsImV4cCI6MTU2NTQyMjQ3Mn0.5vDV8rCoO-fwEX6PfrqsiEAN28gAc79YZZWWf1VcgLQ"} []
